<?xml version="1.0" encoding="UTF-8"?>
<testsuite xmlns:xsi="http://www.w3.org/2001/XMLSchema-instance" xsi:noNamespaceSchemaLocation="https://maven.apache.org/surefire/maven-surefire-plugin/xsd/surefire-test-report-3.0.xsd" version="3.0" name="com.dam.ConversorTest" time="0.047" tests="12" errors="0" skipped="0" failures="0">
  <properties>
[...]
</properties>
  <testcase name="test_Ebullicion_fareheit_A_Celsius" classname="com.dam.ConversorTest" time="0.019"/>
  <testcase name="test_Ebullicion_Celsius_A_Kelvin" classname="com.dam.ConversorTest" time="0.001"/>
  <testcase name="testEbullicion_1" classname="com.dam.ConversorTest" time="0.001"/>
  <testcase name="test_Kelvin_A_Celsius_Congelacion" classname="com.dam.ConversorTest" time="0.0"/>
  <testcase name="test_Punto_Coincidencia_Celsius_A_Kelvin" classname="com.dam.ConversorTest" time="0.0"/>
  <testcase name="test_Kelvin_A_Celsius_Ebullicion" classname="com.dam.ConversorTest" time="0.0"/>
  <testcase name="test_fareheit_A_Celsius_Congelacion" classname="com.dam.ConversorTest" time="0.0"/>
  <testcase name="testFrioExtremo_1" classname="com.dam.ConversorTest" time="0.0"/>
  <testcase name="testCongelacion_1" classname="com.dam.ConversorTest" time="0.001"/>
  <testcase name="test_Celdius_A_Kelvin_Congelacion" classname="com.dam.ConversorTest" time="0.001"/>
  <testcase name="test_Punto_Coincidencia_fareheit_A_Celsius" classname="com.dam.ConversorTest" time="0.001"/>
  <testcase name="test_Cero_Absoluto_Kelvin_A_Celsius" classname="com.dam.ConversorTest" time="0.0"/>
</testsuite>